<?xml version="1.0" encoding="UTF-8"?>
<testng-results skipped="0" failed="0" ignored="0" total="6" passed="6">
  <reporter-output>
  </reporter-output>
  <suite name="Default suite" duration-ms="4267" started-at="2019-04-09T03:44:57Z" finished-at="2019-04-09T03:45:01Z">
    <groups>
    </groups>
    <test name="Default test" duration-ms="4267" started-at="2019-04-09T03:44:57Z" finished-at="2019-04-09T03:45:01Z">
      <class name="com.righteye.LoginFormTest">
        <test-method status="PASS" signature="beforeClass()[pri:0, instance:com.righteye.LoginFormTest@3bfdc050]" name="beforeClass" is-config="true" duration-ms="2244" started-at="2019-04-09T03:44:57Z" finished-at="2019-04-09T03:44:59Z">
          <reporter-output>
          </reporter-output>
        </test-method> <!-- beforeClass -->
        <test-method status="PASS" signature="test3IncorrectAttempts()[pri:0, instance:com.righteye.LoginFormTest@3bfdc050]" name="test3IncorrectAttempts" duration-ms="534" started-at="2019-04-09T03:44:59Z" finished-at="2019-04-09T03:45:00Z">
          <reporter-output>
          </reporter-output>
        </test-method> <!-- test3IncorrectAttempts -->
        <test-method status="PASS" signature="test4AttemptsLocked()[pri:0, instance:com.righteye.LoginFormTest@3bfdc050]" name="test4AttemptsLocked" duration-ms="363" started-at="2019-04-09T03:45:00Z" finished-at="2019-04-09T03:45:00Z">
          <reporter-output>
          </reporter-output>
        </test-method> <!-- test4AttemptsLocked -->
        <test-method status="PASS" signature="testIncorrectEmail()[pri:0, instance:com.righteye.LoginFormTest@3bfdc050]" name="testIncorrectEmail" duration-ms="267" started-at="2019-04-09T03:45:00Z" finished-at="2019-04-09T03:45:00Z">
          <reporter-output>
          </reporter-output>
        </test-method> <!-- testIncorrectEmail -->
        <test-method status="PASS" signature="testIncorrectPassword()[pri:0, instance:com.righteye.LoginFormTest@3bfdc050]" name="testIncorrectPassword" duration-ms="276" started-at="2019-04-09T03:45:00Z" finished-at="2019-04-09T03:45:01Z">
          <reporter-output>
          </reporter-output>
        </test-method> <!-- testIncorrectPassword -->
        <test-method status="PASS" signature="testNeedhelpLink()[pri:0, instance:com.righteye.LoginFormTest@3bfdc050]" name="testNeedhelpLink" duration-ms="151" started-at="2019-04-09T03:45:01Z" finished-at="2019-04-09T03:45:01Z">
          <reporter-output>
          </reporter-output>
        </test-method> <!-- testNeedhelpLink -->
        <test-method status="PASS" signature="testSuccessfulLogin()[pri:0, instance:com.righteye.LoginFormTest@3bfdc050]" name="testSuccessfulLogin" duration-ms="289" started-at="2019-04-09T03:45:01Z" finished-at="2019-04-09T03:45:01Z">
          <reporter-output>
          </reporter-output>
        </test-method> <!-- testSuccessfulLogin -->
        <test-method status="PASS" signature="tearDown()[pri:0, instance:com.righteye.LoginFormTest@3bfdc050]" name="tearDown" is-config="true" duration-ms="93" started-at="2019-04-09T03:45:01Z" finished-at="2019-04-09T03:45:01Z">
          <reporter-output>
          </reporter-output>
        </test-method> <!-- tearDown -->
      </class> <!-- com.righteye.LoginFormTest -->
    </test> <!-- Default test -->
  </suite> <!-- Default suite -->
</testng-results>
